  [1m[35m (0.3ms)[0m  [1m[34mSELECT sqlite_version(*)[0m
  ↳ C:/Ruby24-x64/bin/rake:23
  [1m[35m (222.4ms)[0m  [1m[35mCREATE TABLE "schema_migrations" ("version" varchar NOT NULL PRIMARY KEY)[0m
  ↳ C:/Ruby24-x64/bin/rake:23
  [1m[35m (154.3ms)[0m  [1m[35mCREATE TABLE "ar_internal_metadata" ("key" varchar NOT NULL PRIMARY KEY, "value" varchar, "created_at" datetime NOT NULL, "updated_at" datetime NOT NULL)[0m
  ↳ C:/Ruby24-x64/bin/rake:23
  [1m[35m (0.8ms)[0m  [1m[34mSELECT "schema_migrations"."version" FROM "schema_migrations" ORDER BY "schema_migrations"."version" ASC[0m
  ↳ C:/Ruby24-x64/bin/rake:23
Migrating to CreateStudents (20190131103132)
  [1m[35m (0.2ms)[0m  [1m[36mbegin transaction[0m
  ↳ C:/Ruby24-x64/bin/rake:23
  [1m[35m (3.5ms)[0m  [1m[35mCREATE TABLE "students" ("id" integer PRIMARY KEY AUTOINCREMENT NOT NULL, "name" varchar, "reg" integer, "created_at" datetime NOT NULL, "updated_at" datetime NOT NULL)[0m
  ↳ db/migrate/20190131103132_create_students.rb:3
  [1m[36mActiveRecord::SchemaMigration Create (0.5ms)[0m  [1m[32mINSERT INTO "schema_migrations" ("version") VALUES (?)[0m  [["version", "20190131103132"]]
  ↳ C:/Ruby24-x64/bin/rake:23
  [1m[35m (145.0ms)[0m  [1m[36mcommit transaction[0m
  ↳ C:/Ruby24-x64/bin/rake:23
  [1m[36mActiveRecord::InternalMetadata Load (0.8ms)[0m  [1m[34mSELECT  "ar_internal_metadata".* FROM "ar_internal_metadata" WHERE "ar_internal_metadata"."key" = ? LIMIT ?[0m  [["key", "environment"], ["LIMIT", 1]]
  ↳ C:/Ruby24-x64/bin/rake:23
  [1m[35m (0.2ms)[0m  [1m[36mbegin transaction[0m
  ↳ C:/Ruby24-x64/bin/rake:23
  [1m[36mActiveRecord::InternalMetadata Create (2.6ms)[0m  [1m[32mINSERT INTO "ar_internal_metadata" ("key", "value", "created_at", "updated_at") VALUES (?, ?, ?, ?)[0m  [["key", "environment"], ["value", "development"], ["created_at", "2019-01-31 10:31:59.391582"], ["updated_at", "2019-01-31 10:31:59.391582"]]
  ↳ C:/Ruby24-x64/bin/rake:23
  [1m[35m (146.4ms)[0m  [1m[36mcommit transaction[0m
  ↳ C:/Ruby24-x64/bin/rake:23
  [1m[35m (1.7ms)[0m  [1m[34mSELECT "schema_migrations"."version" FROM "schema_migrations" ORDER BY "schema_migrations"."version" ASC[0m
  ↳ C:/Ruby24-x64/bin/rake:23
Started GET "/" for 127.0.0.1 at 2019-01-31 02:33:05 -0800
  [1m[35m (0.7ms)[0m  [1m[34mSELECT "schema_migrations"."version" FROM "schema_migrations" ORDER BY "schema_migrations"."version" ASC[0m
  ↳ C:/Ruby24-x64/lib/ruby/gems/2.4.0/gems/activerecord-5.2.2/lib/active_record/log_subscriber.rb:98
Processing by Rails::WelcomeController#index as HTML
  Rendering C:/Ruby24-x64/lib/ruby/gems/2.4.0/gems/railties-5.2.2/lib/rails/templates/rails/welcome/index.html.erb
  Rendered C:/Ruby24-x64/lib/ruby/gems/2.4.0/gems/railties-5.2.2/lib/rails/templates/rails/welcome/index.html.erb (53.4ms)
Completed 200 OK in 434ms (Views: 228.7ms | ActiveRecord: 0.0ms)


Started GET "/students" for 127.0.0.1 at 2019-01-31 02:33:17 -0800
Processing by StudentsController#index as HTML
  Rendering students/index.html.erb within layouts/application
  [1m[36mStudent Load (0.8ms)[0m  [1m[34mSELECT "students".* FROM "students"[0m
  ↳ app/views/students/index.html.erb:15
  Rendered students/index.html.erb within layouts/application (14.4ms)
Completed 200 OK in 5034ms (Views: 4961.3ms | ActiveRecord: 2.2ms)


Started GET "/students/new" for 127.0.0.1 at 2019-01-31 02:33:27 -0800
Processing by StudentsController#new as HTML
  Rendering students/new.html.erb within layouts/application
Started GET "/students/new" for 127.0.0.1 at 2019-01-31 02:33:28 -0800
Processing by StudentsController#new as HTML
  Rendering students/new.html.erb within layouts/application
  Rendered students/_form.html.erb (867.7ms)
  Rendered students/_form.html.erb (106.8ms)
  Rendered students/new.html.erb within layouts/application (932.4ms)
  Rendered students/new.html.erb within layouts/application (183.7ms)
Completed 200 OK in 1466ms (Views: 1354.3ms | ActiveRecord: 3.8ms)


Completed 200 OK in 750ms (Views: 669.5ms | ActiveRecord: 0.0ms)


